<?xml version="1.0" encoding="UTF-8" ?>
<testsuite tests="17" failures="0" name="TestSuite" time="0.019" errors="0" skipped="0">
  <properties>
[...]
</properties>
  <testcase classname="practice4.TestsTask1" name="testForIllegalArgument" time="0.01"/>
  <testcase classname="practice4.TestsTask1" name="testWithNotSortedArray" time="0.003"/>
  <testcase classname="practice4.TestsTask1" name="testWithSortedArrayAscending" time="0.001"/>
  <testcase classname="practice4.TestsTask1" name="testWithSortedArrayDescending" time="0"/>
  <testcase classname="practice4.TestsTask2" name="testForIllegalArgument" time="0.001"/>
  <testcase classname="practice4.TestsTask2" name="testForNotSorted" time="0"/>
  <testcase classname="practice4.TestsTask2" name="testForSortedAscending" time="0"/>
  <testcase classname="practice4.TestsTask2" name="testForSortedDescending" time="0"/>
  <testcase classname="practice4.TestsTask3" name="testForIllegalArgumentException" time="0.001"/>
  <testcase classname="practice4.TestsTask3" name="testWithNegativeStart" time="0"/>
  <testcase classname="practice4.TestsTask3" name="testWithNegativeStep" time="0"/>
  <testcase classname="practice4.TestsTask3" name="testWithPositiveStartAndStepParameters" time="0"/>
  <testcase classname="practice4.TestsTask3" name="testWithSingleElementProgression" time="0.001"/>
  <testcase classname="practice4.TestsTask3" name="testWithZeroStart" time="0"/>
  <testcase classname="practice4.TestsTask3" name="testWithZeroStep" time="0"/>
  <testcase classname="practice4.TestsTask4" name="testForIllegalArgumentException" time="0.001"/>
  <testcase classname="practice4.TestsTask4" name="testWithValidParameters" time="0.001"/>
</testsuite>